<?xml version="1.0" encoding="UTF-8"?>
<!-- Generated by org.testng.reporters.JUnitReportReporter -->
<testsuite hostname="Admin-PC" failures="0" tests="7" name="testPkg.VerifyWankhede" time="35.537" errors="0" timestamp="2022-07-24T13:49:39 IST" skipped="0">
  <testcase classname="testPkg.VerifyWankhede" name="searchStadium" time="17.722"/>
  <system-out/>
  <testcase classname="testPkg.VerifyWankhede" name="verifyName" time="7.348"/>
  <system-out/>
  <testcase classname="testPkg.VerifyWankhede" name="verifyTitle" time="0.075"/>
  <system-out/>
  <testcase classname="testPkg.VerifyWankhede" name="ratingPointAndReviews" time="9.003"/>
  <system-out>
    <![CDATA[Rating Point = 4.5 And Total reviews = (33,011)]]>
  </system-out>
  <testcase classname="testPkg.VerifyWankhede" name="verifyLink" time="0.214"/>
  <system-out/>
  <testcase classname="testPkg.VerifyWankhede" name="printAddress" time="0.277"/>
  <system-out>
    <![CDATA[WRQG+G8R, Vinoo Mankad Rd, Churchgate, Mumbai, Maharashtra 400020]]>
  </system-out>
  <testcase classname="testPkg.VerifyWankhede" name="verifyPhoneNumber" time="0.898"/>
  <system-out/>
</testsuite> <!-- testPkg.VerifyWankhede -->
